<?xml version="1.0" encoding="utf-8"?><testsuites name="pytest tests"><testsuite name="pytest" errors="0" failures="0" skipped="4" tests="268" time="23.182" timestamp="2026-09-16T03:04:06.598330+00:00" hostname="dt4n-research-01"><testcase classname="test.test_aoi_norm" name="test_aoi_constants_match_frozen_env_contract" time="0.000" /><testcase classname="test.test_aoi_norm" name="test_dynamic_thing_ids_include_hosts_and_links_only" time="0.000" /><testcase classname="test.test_campaign_execution" name="test_event_labels_after_write" time="0.000" /><testcase classname="test.test_campaign_execution" name="test_invalid_events[events0]" time="0.000" /><testcase classname="test.test_campaign_execution" name="test_invalid_events[events1]" time="0.000" /><testcase classname="test.test_campaign_execution" name="test_resume_preserves_corrupted_raw" time="0.005" /><testcase classname="test.test_campaign_execution" name="test_retry_preserves_failed_attempts" time="0.001" /><testcase classname="test.test_campaign_execution" name="test_unsafe_filename[../escape]" time="0.000" /><testcase classname="test.test_campaign_execution" name="test_unsafe_filename[bad\nname]" time="0.000" /><testcase classname="test.test_campaign_execution" name="test_unsafe_filename[bad/name]" time="0.000" /><testcase classname="test.test_campaign_execution" name="test_health_uses_custom_namespace" time="0.001" /><testcase classname="test.test_campaign_execution" name="test_runtime_gate_recognizes_bracketed_log_levels" time="0.000" /><testcase classname="test.test_campaign_execution" name="test_health_uses_settled_rates_before_forced_refresh" time="0.000" /><testcase classname="test.test_command_security" name="test_1_unknown_command" time="0.000"><skipped type="pytest.skip" message="requires live Ditto + Mininet + Command Agent; set DT4N_LIVE_COMMAND_TESTS=1">/home/ubuntu/dt4n-core/test/test_command_security.py:83: requires live Ditto + Mininet + Command Agent; set DT4N_LIVE_COMMAND_TESTS=1</skipped></testcase><testcase classname="test.test_command_security" name="test_2_payload_injection" time="0.000"><skipped type="pytest.skip" message="requires live Ditto + Mininet + Command Agent; set DT4N_LIVE_COMMAND_TESTS=1">/home/ubuntu/dt4n-core/test/test_command_security.py:93: requires live Ditto + Mininet + Command Agent; set DT4N_LIVE_COMMAND_TESTS=1</skipped></testcase><testcase classname="test.test_command_security" name="test_3_target_not_found" time="0.000"><skipped type="pytest.skip" message="requires live Ditto + Mininet + Command Agent; set DT4N_LIVE_COMMAND_TESTS=1">/home/ubuntu/dt4n-core/test/test_command_security.py:104: requires live Ditto + Mininet + Command Agent; set DT4N_LIVE_COMMAND_TESTS=1</skipped></testcase><testcase classname="test.test_command_security" name="test_4_idempotent" time="0.000"><skipped type="pytest.skip" message="requires live Ditto + Mininet + Command Agent; set DT4N_LIVE_COMMAND_TESTS=1">/home/ubuntu/dt4n-core/test/test_command_security.py:114: requires live Ditto + Mininet + Command Agent; set DT4N_LIVE_COMMAND_TESTS=1</skipped></testcase><testcase classname="test.test_ditto_reader" name="test_extract_t_source" time="0.000" /><testcase classname="test.test_ditto_reader" name="test_compute_aoi_is_pure" time="0.000" /><testcase classname="test.test_ditto_reader" name="test_compute_aoi_uses_per_thing_read_times" time="0.000" /><testcase classname="test.test_ditto_reader" name="test_missing_tsource_is_omitted_not_zeroed" time="0.000" /><testcase classname="test.test_ditto_reader" name="test_negative_aoi_is_returned_not_clipped" time="0.000" /><testcase classname="test.test_ditto_reader" name="test_no_nan_ever" time="0.000" /><testcase classname="test.test_ditto_reader" name="test_aoi_summary" time="0.000" /><testcase classname="test.test_ditto_reader" name="test_cache_forward_fill" time="0.000" /><testcase classname="test.test_ditto_reader" name="test_cache_marks_partial_failure_not_fresh" time="0.000" /><testcase classname="test.test_ditto_reader" name="test_cache_aborts_after_three_fails" time="0.000" /><testcase classname="test.test_ditto_reader" name="test_expected_thing_ids_current_topology" time="0.000" /><testcase classname="test.test_link_direction_core" name="test_moi_link_dt4n_core_nam_trong_ban_do_huong" time="0.000" /><testcase classname="test.test_link_direction_core" name="test_ban_do_khop_voi_ten_canonical" time="0.000" /><testcase classname="test.test_link_direction_core" name="test_bang_chu_cai_tinh_co_dung_cho_ca_8_link_dt4n_core" time="0.000" /><testcase classname="test.test_logic" name="test_collector_logic_script_checks_passed" time="0.000" /><testcase classname="test.test_ml_audit" name="test_flatten_dat_ten_cot_theo_thing_feature_property" time="0.000" /><testcase classname="test.test_ml_audit" name="test_null_di_den_dataframe_duoi_dang_nan_khong_bi_dien_0" time="0.002" /><testcase classname="test.test_ml_audit" name="test_state_duoc_suy_dien_khong_ghi_de_cot_goc" time="0.000" /><testcase classname="test.test_ml_audit" name="test_column_kind_phan_loai_dung_bon_nhom_rui_ro" time="0.000" /><testcase classname="test.test_ml_audit" name="test_auc_khong_sup_do_khi_std_normal_bang_0" time="0.003" /><testcase classname="test.test_ml_audit" name="test_auc_bang_0_5_khi_hai_phan_bo_trung_nhau" time="0.001" /><testcase classname="test.test_ml_audit" name="test_bo_dem_cong_don_luon_bi_loai_du_auc_bang_1" time="0.010" /><testcase classname="test.test_ml_audit" name="test_feature_hang_so_bi_loai" time="0.007" /><testcase classname="test.test_ml_audit" name="test_dataset_pilot_doc_duoc_va_giu_nguyen_null[logs/ml_normal_v2.jsonl]" time="0.013" /><testcase classname="test.test_ml_audit" name="test_dataset_pilot_doc_duoc_va_giu_nguyen_null[logs/ml_flood_v2.jsonl]" time="0.013" /><testcase classname="test.test_ml_audit" name="test_dataset_pilot_doc_duoc_va_giu_nguyen_null[logs/ml_injection_v2.jsonl]" time="0.008" /><testcase classname="test.test_ml_audit" name="test_unknown_state_is_not_encoded_as_down[unknown]" time="0.000" /><testcase classname="test.test_ml_audit" name="test_unknown_state_is_not_encoded_as_down[None]" time="0.000" /><testcase classname="test.test_ml_audit" name="test_ditto_properties_wrapper_and_invalid_cached_loss" time="0.000" /><testcase classname="test.test_ml_audit" name="test_unmeasured_group_cannot_be_kept_with_nan_auc" time="0.005" /><testcase classname="test.test_ml_audit" name="test_missing_or_ambiguous_label_fails_instead_of_becoming_fault[None]" time="0.001" /><testcase classname="test.test_ml_audit" name="test_missing_or_ambiguous_label_fails_instead_of_becoming_fault[normal]" time="0.001" /><testcase classname="test.test_ml_audit" name="test_missing_or_ambiguous_label_fails_instead_of_becoming_fault[2]" time="0.001" /><testcase classname="test.test_ml_audit" name="test_cumulative_and_config_cannot_satisfy_gate" time="0.007" /><testcase classname="test.test_ml_campaign" name="test_integrity_checks_actual_json_content" time="0.004" /><testcase classname="test.test_ml_campaign" name="test_contract_hash_ignores_presentation" time="0.001" /><testcase classname="test.test_ml_campaign" name="test_traffic_plan_runs_longer_than_recording[0]" time="0.001" /><testcase classname="test.test_ml_campaign" name="test_traffic_plan_runs_longer_than_recording[1]" time="0.001" /><testcase classname="test.test_ml_campaign" name="test_traffic_plan_runs_longer_than_recording[2]" time="0.001" /><testcase classname="test.test_ml_campaign" name="test_traffic_plan_runs_longer_than_recording[3]" time="0.000" /><testcase classname="test.test_ml_campaign" name="test_traffic_plan_runs_longer_than_recording[4]" time="0.001" /><testcase classname="test.test_ml_campaign" name="test_traffic_plan_runs_longer_than_recording[5]" time="0.000" /><testcase classname="test.test_ml_campaign" name="test_traffic_plan_runs_longer_than_recording[6]" time="0.001" /><testcase classname="test.test_ml_campaign" name="test_traffic_plan_runs_longer_than_recording[7]" time="0.001" /><testcase classname="test.test_ml_campaign" name="test_traffic_plan_runs_longer_than_recording[8]" time="0.000" /><testcase classname="test.test_ml_campaign" name="test_traffic_plan_runs_longer_than_recording[9]" time="0.001" /><testcase classname="test.test_ml_campaign" name="test_traffic_plan_runs_longer_than_recording[10]" time="0.001" /><testcase classname="test.test_ml_campaign" name="test_traffic_plan_runs_longer_than_recording[11]" time="0.001" /><testcase classname="test.test_ml_campaign" name="test_traffic_plan_runs_longer_than_recording[12]" time="0.000" /><testcase classname="test.test_ml_campaign" name="test_traffic_plan_runs_longer_than_recording[13]" time="0.001" /><testcase classname="test.test_ml_campaign" name="test_traffic_plan_runs_longer_than_recording[14]" time="0.000" /><testcase classname="test.test_ml_campaign" name="test_traffic_plan_runs_longer_than_recording[15]" time="0.000" /><testcase classname="test.test_ml_campaign" name="test_traffic_plan_runs_longer_than_recording[16]" time="0.001" /><testcase classname="test.test_ml_campaign" name="test_traffic_plan_runs_longer_than_recording[17]" time="0.000" /><testcase classname="test.test_ml_campaign" name="test_preroll_nominal_schedule_covers_end" time="0.000" /><testcase classname="test.test_ml_campaign" name="test_runner_scenario_does_not_import_numpy" time="0.001" /><testcase classname="test.test_ml_campaign" name="test_missing_flag_is_counted_as_invalid" time="0.000" /><testcase classname="test.test_ml_campaign" name="test_nonfinite_probe_is_excluded" time="0.000" /><testcase classname="test.test_ml_campaign" name="test_separation_has_physical_floor" time="0.000" /><testcase classname="test.test_ml_campaign" name="test_verify_rejects_broken_baseline[flag]" time="0.003" /><testcase classname="test.test_ml_campaign" name="test_verify_rejects_broken_baseline[timestamp]" time="0.001" /><testcase classname="test.test_ml_campaign" name="test_verify_rejects_broken_baseline[tick]" time="0.001" /><testcase classname="test.test_ml_campaign" name="test_verify_rejects_broken_baseline[version]" time="0.001" /><testcase classname="test.test_ml_campaign" name="test_verify_rejects_broken_baseline[missing_link]" time="0.001" /><testcase classname="test.test_ml_campaign" name="test_after_write_event_windows_and_fault_missing_are_not_quality_gates" time="0.002" /><testcase classname="test.test_ml_campaign" name="test_duplicate_events_do_not_pass" time="0.002" /><testcase classname="test.test_ml_campaign" name="test_embedded_run_metadata_is_never_a_feature" time="0.000" /><testcase classname="test.test_ml_campaign" name="test_cut_file_tick_invariant_fails" time="0.001" /><testcase classname="test.test_ml_campaign" name="test_collector_hook_runs_after_write_and_preserves_default" time="0.041" /><testcase classname="test.test_ml_campaign" name="test_measured_base_rate_counts_post_callback_ticks" time="0.001" /><testcase classname="test.test_ml_dataset" name="test_selection_signature_cannot_receive_labels" time="0.000" /><testcase classname="test.test_ml_dataset" name="test_selection_never_uses_label_based_rules" time="0.003" /><testcase classname="test.test_ml_dataset" name="test_selection_drops_structural_columns" time="0.002" /><testcase classname="test.test_ml_dataset" name="test_selection_drops_constant_and_mostly_null_on_train" time="0.003" /><testcase classname="test.test_ml_dataset" name="test_feature_order_is_deterministic" time="0.005" /><testcase classname="test.test_ml_dataset" name="test_aggregate_uses_max_not_mean" time="0.006" /><testcase classname="test.test_ml_dataset" name="test_aggregate_nan_does_not_become_zero" time="0.007" /><testcase classname="test.test_ml_dataset" name="test_link_stats_fit_on_train_are_reused_for_test" time="0.011" /><testcase classname="test.test_ml_dataset" name="test_delta_never_crosses_run_boundary" time="0.003" /><testcase classname="test.test_ml_dataset" name="test_rolling_is_shifted_and_grouped" time="0.003" /><testcase classname="test.test_ml_dataset" name="test_rolling_window_cost_is_what_we_claimed" time="0.004" /><testcase classname="test.test_ml_dataset" name="test_label_columns_can_never_become_features" time="0.003" /><testcase classname="test.test_ml_dataset" name="test_config_id_groups_replications_together" time="0.000" /><testcase classname="test.test_ml_dataset" name="test_train_and_test_run_ids_are_disjoint" time="0.622" /><testcase classname="test.test_ml_dataset" name="test_train_contains_no_faults" time="0.625" /><testcase classname="test.test_ml_dataset" name="test_no_nan_in_train_matrix" time="0.632" /><testcase classname="test.test_ml_dataset" name="test_test_keeps_nan_rows_and_counts_them" time="0.609" /><testcase classname="test.test_ml_dataset" name="test_label_count_matches_test_rows" time="0.610" /><testcase classname="test.test_ml_dataset" name="test_load_split_is_deterministic" time="1.212" /><testcase classname="test.test_ml_dataset" name="test_base_rate_from_split_matches_lesson_55" time="0.605" /><testcase classname="test.test_ml_dataset" name="test_extreme_test_values_do_not_change_fitted_statistics" time="0.019" /><testcase classname="test.test_ml_dataset" name="test_changing_future_ticks_does_not_change_past_features" time="0.009" /><testcase classname="test.test_ml_dataset" name="test_raw_checksum_tampering_is_rejected_without_mutating_original" time="0.005" /><testcase classname="test.test_ml_dataset" name="test_delta_missingness_propagation_is_explicit_in_row_accounting" time="0.638" /><testcase classname="test.test_ml_dataset" name="test_fault_indicators_go_to_envelope_not_dead" time="0.003" /><testcase classname="test.test_ml_dataset" name="test_envelope_catches_what_isolation_forest_cannot" time="1.051" /><testcase classname="test.test_ml_dataset" name="test_envelope_threshold_gives_zero_false_positive_on_same_train" time="0.005" /><testcase classname="test.test_ml_dataset" name="test_envelope_strict_edges_and_missing_are_separate" time="0.002" /><testcase classname="test.test_ml_dataset" name="test_all_missing_indicator_cannot_produce_nan_bounds_at_100pct_limit" time="0.001" /><testcase classname="test.test_ml_dataset" name="test_envelope_test_keys_match_if_rows_and_parameters_are_deterministic" time="1.227" /><testcase classname="test.test_ml_design" name="test_tat_dinh_goi_hai_lan_giong_het" time="0.000" /><testcase classname="test.test_ml_design" name="test_khong_co_fault_nao_trong_tap_train" time="0.000" /><testcase classname="test.test_ml_design" name="test_tap_test_co_run_normal_doi_chung" time="0.000" /><testcase classname="test.test_ml_design" name="test_thu_tu_chay_khong_gom_nhom_theo_nhan" time="0.000" /><testcase classname="test.test_ml_design" name="test_ma_tran_cham_toi_ca_8_link" time="0.000" /><testcase classname="test.test_ml_design" name="test_base_rate_nam_trong_khoang_doc_duoc" time="0.000" /><testcase classname="test.test_ml_design" name="test_du_doan_admin_down_gom_ca_duong_di" time="0.000" /><testcase classname="test.test_ml_design" name="test_collector_version_khong_phai_v1_hay_v2" time="0.006" /><testcase classname="test.test_ml_design" name="test_validate_matrix_bat_duoc_fault_lot_vao_train" time="0.001" /><testcase classname="test.test_ml_design" name="test_varying_load_dung_run_host_shell_khong_dung_host_cmd" time="0.000" /><testcase classname="test.test_ml_design" name="test_link_admin_down_goi_configLinkStatus_dung_chieu" time="0.000" /><testcase classname="test.test_ml_design" name="test_invalid_schedule_rejected[schedule0-60]" time="0.000" /><testcase classname="test.test_ml_design" name="test_invalid_schedule_rejected[schedule1-60]" time="0.000" /><testcase classname="test.test_ml_design" name="test_invalid_schedule_rejected[schedule2-60]" time="0.000" /><testcase classname="test.test_ml_design" name="test_invalid_schedule_rejected[schedule3-10]" time="0.000" /><testcase classname="test.test_ml_design" name="test_invalid_schedule_rejected[schedule4-60]" time="0.000" /><testcase classname="test.test_ml_design" name="test_invalid_schedule_rejected[schedule5-60]" time="0.000" /><testcase classname="test.test_ml_design" name="test_invalid_schedule_rejected[schedule6-60]" time="0.000" /><testcase classname="test.test_ml_design" name="test_invalid_schedule_rejected[schedule7-0]" time="0.000" /><testcase classname="test.test_ml_design" name="test_schedule_preserves_rates_and_total_duration" time="0.000" /><testcase classname="test.test_ml_design" name="test_seeded_scenario_uses_locked_target[F-admin_down-s1-s2-s3001-r1]" time="0.000" /><testcase classname="test.test_ml_design" name="test_seeded_scenario_uses_locked_target[F-admin_down-s1-s3-s3002-r1]" time="0.000" /><testcase classname="test.test_ml_design" name="test_seeded_scenario_uses_locked_target[F-degrade-s1-s2-s3003-r1]" time="0.001" /><testcase classname="test.test_ml_design" name="test_seeded_scenario_uses_locked_target[F-degrade-s2-s3-s3004-r1]" time="0.001" /><testcase classname="test.test_ml_design" name="test_seeded_scenario_uses_locked_target[F-flood-h1_to_srv1-s3005-r1]" time="0.000" /><testcase classname="test.test_ml_design" name="test_seeded_scenario_uses_locked_target[F-flood-h2_to_srv2-s3006-r1]" time="0.000" /><testcase classname="test.test_ml_design" name="test_seeded_scenario_uses_locked_target[F-shift-s1-s2-s3007-r1]" time="0.001" /><testcase classname="test.test_ml_design" name="test_seeded_scenario_uses_locked_target[F-shift-s1-s3-s3008-r1]" time="0.001" /><testcase classname="test.test_ml_design" name="test_missing_coverage_fails_the_actual_gate" time="0.001" /><testcase classname="test.test_ml_design" name="test_invalid_fault_window_fails[40-20]" time="0.001" /><testcase classname="test.test_ml_design" name="test_invalid_fault_window_fails[20-65]" time="0.001" /><testcase classname="test.test_ml_design" name="test_invalid_fault_window_fails[0-40]" time="0.001" /><testcase classname="test.test_ml_design" name="test_order_must_contain_each_run_once" time="0.000" /><testcase classname="test.test_ml_design" name="test_git_failure_cannot_masquerade_as_clean_source" time="0.002" /><testcase classname="test.test_ml_design" name="test_flow_paths_follow_actual_routing" time="0.000" /><testcase classname="test.test_ml_design" name="test_stop_varying_load_terminates_future_shell_steps" time="0.007" /><testcase classname="test.test_ml_labels" name="test_y_formula_is_exclusive_at_inject_inclusive_at_revert" time="0.000" /><testcase classname="test.test_ml_labels" name="test_normal_run_has_no_positive_label" time="0.000" /><testcase classname="test.test_ml_labels" name="test_grace_is_not_baked_into_labels" time="0.000" /><testcase classname="test.test_ml_labels" name="test_transition_mask_is_symmetric_and_excludes_both_edges" time="0.000" /><testcase classname="test.test_ml_labels" name="test_primary_mask_only_drops_warmup" time="0.000" /><testcase classname="test.test_ml_labels" name="test_normal_run_transition_mask_is_all_eval" time="0.000" /><testcase classname="test.test_ml_labels" name="test_broken_events_raise[events0]" time="0.000" /><testcase classname="test.test_ml_labels" name="test_broken_events_raise[events1]" time="0.000" /><testcase classname="test.test_ml_labels" name="test_broken_events_raise[events2]" time="0.000" /><testcase classname="test.test_ml_labels" name="test_broken_events_raise[events3]" time="0.000" /><testcase classname="test.test_ml_labels" name="test_broken_events_raise[events4]" time="0.000" /><testcase classname="test.test_ml_labels" name="test_broken_events_raise[events5]" time="0.000" /><testcase classname="test.test_ml_labels" name="test_base_rate_reproduces_lesson_54_number" time="0.001" /><testcase classname="test.test_ml_labels" name="test_base_rate_splits_by_fault_type" time="0.000" /><testcase classname="test.test_ml_labels" name="test_sensitivity_mask_lowers_base_rate_by_known_amount" time="0.001" /><testcase classname="test.test_ml_labels" name="test_attach_labels_joins_on_keys_not_row_order" time="0.006" /><testcase classname="test.test_ml_labels" name="test_attach_labels_raises_on_missing_or_duplicate_keys" time="0.003" /><testcase classname="test.test_ml_labels" name="test_collected_convention_string_is_frozen" time="0.000" /><testcase classname="test.test_ml_labels" name="test_campaign_reexports_the_same_single_definition" time="0.000" /><testcase classname="test.test_ml_labels" name="test_invalid_snapshot_counts_rejected_before_allocation[-1]" time="0.000" /><testcase classname="test.test_ml_labels" name="test_invalid_snapshot_counts_rejected_before_allocation[True]" time="0.000" /><testcase classname="test.test_ml_labels" name="test_invalid_snapshot_counts_rejected_before_allocation[2.0]" time="0.000" /><testcase classname="test.test_ml_labels" name="test_malformed_table_cannot_silently_truncate_labels" time="0.000" /><testcase classname="test.test_ml_labels" name="test_attach_rejects_existing_labels_and_float_tick_keys" time="0.001" /><testcase classname="test.test_ml_labels" name="test_nonrecovering_witness_has_no_recovery_delay" time="0.001" /><testcase classname="test.test_ml_labels" name="test_live_artifact_regenerates_bit_for_bit_and_detects_changed_event" time="0.203" /><testcase classname="test.test_ml_labels" name="test_scan_separates_earliest_channel_from_strongest" time="0.000" /><testcase classname="test.test_ml_metrics" name="test_always_normal_recall_zero_and_accuracy_is_the_dumb_7288" time="0.010" /><testcase classname="test.test_ml_metrics" name="test_always_alarm_hits_ceiling_not_one[iforest-0.95-0.958139534883721]" time="0.010" /><testcase classname="test.test_ml_metrics" name="test_always_alarm_hits_ceiling_not_one[envelope-0.975-0.9906976744186047]" time="0.010" /><testcase classname="test.test_ml_metrics" name="test_unknown_positive_is_fn_not_dropped" time="0.010" /><testcase classname="test.test_ml_metrics" name="test_alarm_on_unknown_tick_is_rejected" time="0.002" /><testcase classname="test.test_ml_metrics" name="test_build_frame_has_no_defaults" time="0.000" /><testcase classname="test.test_ml_metrics" name="test_api_has_no_accuracy_or_point_adjust" time="0.000" /><testcase classname="test.test_ml_metrics" name="test_sensitivity_mask_counts_match_manifest" time="0.010" /><testcase classname="test.test_ml_metrics" name="test_common_judgeable_uses_identical_rows" time="0.024" /><testcase classname="test.test_ml_metrics" name="test_fpr_breakdown_denominators" time="0.013" /><testcase classname="test.test_ml_metrics" name="test_delay_structural_minimum_and_censored" time="0.031" /><testcase classname="test.test_ml_metrics" name="test_delay_refuses_non_primary_mask" time="0.008" /><testcase classname="test.test_ml_metrics" name="test_cluster_ci_is_much_wider_than_row_ci" time="1.530" /><testcase classname="test.test_ml_metrics" name="test_bootstrap_is_deterministic_and_reports_valid_count" time="0.452" /><testcase classname="test.test_ml_metrics" name="test_zero_denominator_is_none_not_zero" time="0.000" /><testcase classname="test.test_ml_metrics" name="test_control_run_with_positive_label_is_rejected" time="0.003" /><testcase classname="test.test_ml_metrics" name="test_summarize_seeds_uses_sample_std_and_skips_none" time="0.000" /><testcase classname="test.test_ml_metrics" name="test_gate_rejects_silent_coercions[tick-value0]" time="0.001" /><testcase classname="test.test_ml_metrics" name="test_gate_rejects_silent_coercions[tick-value1]" time="0.001" /><testcase classname="test.test_ml_metrics" name="test_gate_rejects_silent_coercions[run_id-value2]" time="0.001" /><testcase classname="test.test_ml_metrics" name="test_gate_rejects_silent_coercions[y-value3]" time="0.001" /><testcase classname="test.test_ml_metrics" name="test_gate_rejects_silent_coercions[alarm-value4]" time="0.001" /><testcase classname="test.test_ml_metrics" name="test_evalframe_cannot_be_forged_and_rows_are_copy_protected" time="0.011" /><testcase classname="test.test_ml_metrics" name="test_common_judgeable_rejects_metadata_mismatch" time="0.013" /><testcase classname="test.test_ml_metrics" name="test_counts_reject_invalid_external_accounting" time="0.000" /><testcase classname="test.test_ml_metrics" name="test_bootstrap_rejects_invalid_protocol[kwargs0]" time="0.009" /><testcase classname="test.test_ml_metrics" name="test_bootstrap_rejects_invalid_protocol[kwargs1]" time="0.008" /><testcase classname="test.test_ml_metrics" name="test_bootstrap_rejects_invalid_protocol[kwargs2]" time="0.008" /><testcase classname="test.test_ml_metrics" name="test_seed_summary_rejects_infinity" time="0.000" /><testcase classname="test.test_ml_metrics" name="test_empty_frame_is_rejected" time="0.000" /><testcase classname="test.test_ml_missing" name="test_fillna_0_bi_bat_qua_tang" time="0.005" /><testcase classname="test.test_ml_missing" name="test_bat_bien_van_dung_sau_khi_ap_chinh_sach" time="0.005" /><testcase classname="test.test_ml_missing" name="test_chinh_sach_bo_warmup_nhung_KHONG_bo_dong_giua_run" time="0.005" /><testcase classname="test.test_ml_missing" name="test_chinh_sach_bo_warmup_theo_TUNG_run_khong_bo_toan_bang" time="0.005" /><testcase classname="test.test_ml_missing" name="test_wilson_ci_khong_cho_bien_duoi_am" time="0.000" /><testcase classname="test.test_ml_missing" name="test_mnar_evidence_bat_duoc_MNAR_khi_thieu_TANG_luc_fault" time="0.007" /><testcase classname="test.test_ml_missing" name="test_mnar_evidence_khu_duoc_nhieu_gay_lan_do_dai_run" time="0.007" /><testcase classname="test.test_ml_missing" name="test_kiem_toan_bat_duoc_rate_bia_0_giua_run" time="0.002" /><testcase classname="test.test_ml_missing" name="test_rate_validity_phan_biet_0_that_voi_0_bia" time="0.000" /><testcase classname="test.test_ml_missing" name="test_dataset_v2_cu_khong_co_rateValid_va_mask_khong_no" time="0.033" /><testcase classname="test.test_ml_missing" name="test_pilot_that_chi_thieu_do_warmup_o_tick_0" time="0.059" /><testcase classname="test.test_ml_missing" name="test_pilot_that_bia_so_0_chi_o_tick_0_khong_o_giua_run" time="0.043" /><testcase classname="test.test_ml_missing" name="test_missing_without_reason_cannot_pass_mechanism_gate" time="0.006" /><testcase classname="test.test_ml_missing" name="test_warmup_reason_in_tick_one_requires_investigation" time="0.007" /><testcase classname="test.test_ml_missing" name="test_absent_train_feature_makes_all_rows_ineligible" time="0.006" /><testcase classname="test.test_ml_missing" name="test_warmup_drop_uses_tick_order_even_if_rows_are_shuffled" time="0.005" /><testcase classname="test.test_ml_missing" name="test_rate_mask_preserves_real_zero_and_masks_unknown_validity" time="0.001" /><testcase classname="test.test_ml_missing" name="test_rate_audit_does_not_compare_distinct_runs_of_same_profile" time="0.002" /><testcase classname="test.test_ml_missing" name="test_thing_timestamp_preserved_as_metadata" time="0.000" /><testcase classname="test.test_ml_missing" name="test_fisher_known_table" time="0.000" /><testcase classname="test.test_ml_missing" name="test_wilson_rejects_invalid_counts[-1-10]" time="0.000" /><testcase classname="test.test_ml_missing" name="test_wilson_rejects_invalid_counts[11-10]" time="0.000" /><testcase classname="test.test_ml_missing" name="test_wilson_rejects_invalid_counts[0--1]" time="0.000" /><testcase classname="test.test_ml_missing" name="test_host_collector_emits_validity_for_each_read[2-counts0-ok]" time="0.000" /><testcase classname="test.test_ml_missing" name="test_host_collector_emits_validity_for_each_read[1-counts1-nonpositive_dt]" time="0.000" /><testcase classname="test.test_ml_missing" name="test_host_collector_emits_validity_for_each_read[2-counts2-counter_reset]" time="0.000" /><testcase classname="test.test_ml_missing" name="test_host_collector_emits_validity_for_each_read[2-None-interface_unavailable]" time="0.000" /><testcase classname="test.test_ml_missing" name="test_link_interface_failure_clears_loss_and_marks_rate_invalid" time="0.000" /><testcase classname="test.test_ml_missing" name="test_link_rate_flags_follow_warmup_zero_and_reset" time="0.000" /><testcase classname="test.test_phase2_5" name="test_phase2_5_script_checks_passed" time="0.000" /><testcase classname="test.test_phase2_5" name="test_verify_reads_more_than_one_ditto_page" time="0.000" /><testcase classname="test.test_phase2_5" name="test_verify_rejects_repeated_ditto_cursor" time="0.000" /><testcase classname="test.test_phase6_prereg" name="test_stored_hash_matches_file_content" time="0.001" /><testcase classname="test.test_phase6_prereg" name="test_no_drift_between_code_data_and_registered_content" time="0.003" /><testcase classname="test.test_phase6_prereg" name="test_facts_pin_known_numbers" time="0.000" /><testcase classname="test.test_phase6_prereg" name="test_no_open_decision" time="0.000" /><testcase classname="test.test_phase6_prereg" name="test_every_hypothesis_is_falsifiable" time="0.000" /><testcase classname="test.test_phase6_prereg" name="test_contamination_never_from_test_base_rate" time="0.000" /><testcase classname="test.test_phase6_prereg" name="test_thresholds_are_train_quantiles_and_fixed" time="0.000" /><testcase classname="test.test_phase6_prereg" name="test_prereg_committed_before_any_detector_code" time="0.007" /><testcase classname="test.test_phase6_prereg" name="test_tampering_is_detected_without_touching_original" time="0.001" /><testcase classname="test.test_phase6_prereg" name="test_root_parameter_and_manifest_drift_are_real" time="0.008" /><testcase classname="test.test_phase6_prereg_amendment1" name="test_amendment_hash_and_drift" time="0.001" /><testcase classname="test.test_phase6_prereg_amendment1" name="test_amendment_pre_result_and_secondary_only" time="0.000" /><testcase classname="test.test_phase6_prereg_amendment1" name="test_partition_is_complete_disjoint_and_frozen" time="0.000" /><testcase classname="test.test_phase6_prereg_amendment1" name="test_amendment_refuses_overwrite" time="0.000" /><testcase classname="test.test_qdisc_and_traffic" name="test_invalid_qdisc_clears_stale_loss_in_merge_patch" time="0.000" /><testcase classname="test.test_qdisc_and_traffic" name="test_parent_drops_are_not_counted_twice" time="0.000" /><testcase classname="test.test_qdisc_and_traffic" name="test_bidirectional_loss_uses_queue_packets_and_invalidates_resets" time="0.000" /><testcase classname="test.test_qdisc_and_traffic" name="test_profiles_cover_all_clients_and_both_servers[normal-2M-False]" time="0.001" /><testcase classname="test.test_qdisc_and_traffic" name="test_profiles_cover_all_clients_and_both_servers[flood-50M-True]" time="0.000" /><testcase classname="test.test_qdisc_and_traffic" name="test_injection_does_not_use_interactive_host_shell" time="0.000" /><testcase classname="test.test_static_routing" name="test_static_routes_match_phase_45_intent" time="0.000" /><testcase classname="test.test_static_routing" name="test_static_routes_have_no_forwarding_loop" time="0.000" /><testcase classname="test.test_topology_meta" name="test_current_topology_bridges_and_toggleable_links" time="0.000" /><testcase classname="test.test_topology_meta" name="test_baseline_bw_current_topology" time="0.000" /><testcase classname="test.test_topology_meta" name="test_added_s1_srv1_link_removes_srv1_bridge" time="0.000" /><testcase classname="test.test_topology_meta" name="test_canonical_is_stable" time="0.000" /></testsuite></testsuites>