<?xml version="1.0" encoding="utf-8"?><testsuites name="pytest tests"><testsuite name="pytest" errors="0" failures="0" skipped="0" tests="33" time="96.217" timestamp="2026-09-17T01:40:28.970305+00:00" hostname="dt4n-research-01"><testcase classname="test.test_phase6_manifest" name="test_manifest_hash_and_all_inputs_are_bound" time="0.152" /><testcase classname="test.test_phase6_manifest" name="test_reproduction_receipt_is_bit_exact_and_deterministic_twice" time="0.013" /><testcase classname="test.test_phase6_manifest" name="test_registration_commit_order_ends_with_ablation_prereg" time="0.000" /><testcase classname="test.test_phase6_manifest" name="test_script_refuses_overwrite" time="0.000" /><testcase classname="test.test_phase6_ablation_prereg" name="test_ablation_prereg_hash_and_drift" time="0.005" /><testcase classname="test.test_phase6_ablation_prereg" name="test_ablation_prereg_freezes_seeds_and_unseen_results" time="0.000" /><testcase classname="test.test_phase6_ablation_prereg" name="test_script_refuses_overwrite" time="0.000" /><testcase classname="test.test_phase6_ablations" name="test_column_sets_are_frozen_and_distinct" time="0.001" /><testcase classname="test.test_phase6_ablations" name="test_ablation_artifact_hash_and_drift" time="31.150" /><testcase classname="test.test_phase6_ablations" name="test_all_seeds_and_registered_decisions_are_present" time="0.001" /><testcase classname="test.test_phase6_ablations" name="test_script_refuses_overwrite" time="0.000" /><testcase classname="test.test_phase6_recovery_loro" name="test_recovery_artifact_hash_and_values" time="0.010" /><testcase classname="test.test_phase6_recovery_loro" name="test_loro_artifact_hash_and_has_two_vary_replicates" time="0.888" /><testcase classname="test.test_phase6_recovery_loro" name="test_diagnostics_refuse_overwrite" time="0.000" /><testcase classname="test.test_phase6_comparison_sensitivity" name="test_contribution_table_distinguishes_zero_from_undefined_jaccard" time="0.001" /><testcase classname="test.test_phase6_comparison_sensitivity" name="test_contribution_table_rejects_mismatched_lengths" time="0.001" /><testcase classname="test.test_phase6_comparison_sensitivity" name="test_comparison_artifact_is_hashed_and_reproducible" time="2.184" /><testcase classname="test.test_phase6_comparison_sensitivity" name="test_comparison_central_four_cells_and_jaccard" time="0.001" /><testcase classname="test.test_phase6_comparison_sensitivity" name="test_literal_hybrid_reading_is_reported_separately" time="0.001" /><testcase classname="test.test_phase6_comparison_sensitivity" name="test_comparison_reports_common_denominator_and_all_seeds" time="0.001" /><testcase classname="test.test_phase6_comparison_sensitivity" name="test_excess_hybrid_delay_is_measured_not_inferred" time="0.001" /><testcase classname="test.test_phase6_comparison_sensitivity" name="test_sensitivity_artifact_is_hashed_and_reproducible" time="59.383" /><testcase classname="test.test_phase6_comparison_sensitivity" name="test_sensitivity_mask_counts_and_control_fpr" time="0.002" /><testcase classname="test.test_phase6_comparison_sensitivity" name="test_excess_sensitivity_removes_recovery_false_positives" time="0.002" /><testcase classname="test.test_phase6_comparison_sensitivity" name="test_all_iforest_seeds_still_reproduce_before_mask_sensitivity" time="0.002" /><testcase classname="test.test_phase6_comparison_sensitivity" name="test_scripts_refuse_overwrite" time="0.000" /><testcase classname="test.test_phase6_noise_auc" name="test_auc_lower_is_anomalous_has_correct_direction_and_ties" time="0.000" /><testcase classname="test.test_phase6_noise_auc" name="test_auc_lower_matches_sklearn_on_negated_scores" time="0.002" /><testcase classname="test.test_phase6_noise_auc" name="test_auc_rejects_bad_input_and_undefined_class" time="0.000" /><testcase classname="test.test_phase6_noise_auc" name="test_live_noise_auc_artifact_hash_and_drift" time="1.428" /><testcase classname="test.test_phase6_noise_auc" name="test_mean_noise_auc_passes_sanity_range_and_reproduces_signed_arm" time="0.000" /><testcase classname="test.test_phase6_noise_auc" name="test_real_auc_matches_existing_phase6_diagnostic" time="0.000" /><testcase classname="test.test_phase6_noise_auc" name="test_script_refuses_overwrite" time="0.000" /></testsuite></testsuites>