<?xml version="1.0" encoding="utf-8"?><testsuites name="pytest tests"><testsuite name="pytest" errors="0" failures="0" skipped="0" tests="10" time="58.415" timestamp="2026-09-16T15:34:17.935414+00:00" hostname="dt4n-research-01"><testcase classname="test.test_phase6_comparison_sensitivity" name="test_contribution_table_distinguishes_zero_from_undefined_jaccard" time="0.001" /><testcase classname="test.test_phase6_comparison_sensitivity" name="test_contribution_table_rejects_mismatched_lengths" time="0.001" /><testcase classname="test.test_phase6_comparison_sensitivity" name="test_comparison_artifact_is_hashed_and_reproducible" time="0.019" /><testcase classname="test.test_phase6_comparison_sensitivity" name="test_comparison_central_four_cells_and_jaccard" time="0.000" /><testcase classname="test.test_phase6_comparison_sensitivity" name="test_literal_hybrid_reading_is_reported_separately" time="0.000" /><testcase classname="test.test_phase6_comparison_sensitivity" name="test_sensitivity_artifact_is_hashed_and_reproducible" time="57.458" /><testcase classname="test.test_phase6_comparison_sensitivity" name="test_sensitivity_mask_counts_and_control_fpr" time="0.002" /><testcase classname="test.test_phase6_comparison_sensitivity" name="test_excess_sensitivity_removes_recovery_false_positives" time="0.002" /><testcase classname="test.test_phase6_comparison_sensitivity" name="test_all_iforest_seeds_still_reproduce_before_mask_sensitivity" time="0.002" /><testcase classname="test.test_phase6_comparison_sensitivity" name="test_scripts_refuse_overwrite" time="0.000" /></testsuite></testsuites>