<?xml version="1.0" encoding="utf-8"?><testsuites name="pytest tests"><testsuite name="pytest" errors="0" failures="0" skipped="4" tests="84" time="12.680" timestamp="2026-09-15T11:36:53.270339+00:00" hostname="dt4n-research-01"><testcase classname="test.test_aoi_norm" name="test_aoi_constants_match_frozen_env_contract" time="0.000" /><testcase classname="test.test_aoi_norm" name="test_dynamic_thing_ids_include_hosts_and_links_only" time="0.000" /><testcase classname="test.test_command_security" name="test_1_unknown_command" time="0.000"><skipped type="pytest.skip" message="requires live Ditto + Mininet + Command Agent; set DT4N_LIVE_COMMAND_TESTS=1">/home/ubuntu/dt4n-core/test/test_command_security.py:83: requires live Ditto + Mininet + Command Agent; set DT4N_LIVE_COMMAND_TESTS=1</skipped></testcase><testcase classname="test.test_command_security" name="test_2_payload_injection" time="0.000"><skipped type="pytest.skip" message="requires live Ditto + Mininet + Command Agent; set DT4N_LIVE_COMMAND_TESTS=1">/home/ubuntu/dt4n-core/test/test_command_security.py:93: requires live Ditto + Mininet + Command Agent; set DT4N_LIVE_COMMAND_TESTS=1</skipped></testcase><testcase classname="test.test_command_security" name="test_3_target_not_found" time="0.000"><skipped type="pytest.skip" message="requires live Ditto + Mininet + Command Agent; set DT4N_LIVE_COMMAND_TESTS=1">/home/ubuntu/dt4n-core/test/test_command_security.py:104: requires live Ditto + Mininet + Command Agent; set DT4N_LIVE_COMMAND_TESTS=1</skipped></testcase><testcase classname="test.test_command_security" name="test_4_idempotent" time="0.000"><skipped type="pytest.skip" message="requires live Ditto + Mininet + Command Agent; set DT4N_LIVE_COMMAND_TESTS=1">/home/ubuntu/dt4n-core/test/test_command_security.py:114: requires live Ditto + Mininet + Command Agent; set DT4N_LIVE_COMMAND_TESTS=1</skipped></testcase><testcase classname="test.test_ditto_reader" name="test_extract_t_source" time="0.000" /><testcase classname="test.test_ditto_reader" name="test_compute_aoi_is_pure" time="0.000" /><testcase classname="test.test_ditto_reader" name="test_compute_aoi_uses_per_thing_read_times" time="0.000" /><testcase classname="test.test_ditto_reader" name="test_missing_tsource_is_omitted_not_zeroed" time="0.000" /><testcase classname="test.test_ditto_reader" name="test_negative_aoi_is_returned_not_clipped" time="0.000" /><testcase classname="test.test_ditto_reader" name="test_no_nan_ever" time="0.000" /><testcase classname="test.test_ditto_reader" name="test_aoi_summary" time="0.000" /><testcase classname="test.test_ditto_reader" name="test_cache_forward_fill" time="0.000" /><testcase classname="test.test_ditto_reader" name="test_cache_marks_partial_failure_not_fresh" time="0.000" /><testcase classname="test.test_ditto_reader" name="test_cache_aborts_after_three_fails" time="0.000" /><testcase classname="test.test_ditto_reader" name="test_expected_thing_ids_current_topology" time="0.000" /><testcase classname="test.test_link_direction_core" name="test_moi_link_dt4n_core_nam_trong_ban_do_huong" time="0.000" /><testcase classname="test.test_link_direction_core" name="test_ban_do_khop_voi_ten_canonical" time="0.000" /><testcase classname="test.test_link_direction_core" name="test_bang_chu_cai_tinh_co_dung_cho_ca_8_link_dt4n_core" time="0.000" /><testcase classname="test.test_logic" name="test_collector_logic_script_checks_passed" time="0.000" /><testcase classname="test.test_ml_audit" name="test_flatten_dat_ten_cot_theo_thing_feature_property" time="0.000" /><testcase classname="test.test_ml_audit" name="test_null_di_den_dataframe_duoi_dang_nan_khong_bi_dien_0" time="0.002" /><testcase classname="test.test_ml_audit" name="test_state_duoc_suy_dien_khong_ghi_de_cot_goc" time="0.000" /><testcase classname="test.test_ml_audit" name="test_column_kind_phan_loai_dung_bon_nhom_rui_ro" time="0.000" /><testcase classname="test.test_ml_audit" name="test_auc_khong_sup_do_khi_std_normal_bang_0" time="0.003" /><testcase classname="test.test_ml_audit" name="test_auc_bang_0_5_khi_hai_phan_bo_trung_nhau" time="0.001" /><testcase classname="test.test_ml_audit" name="test_bo_dem_cong_don_luon_bi_loai_du_auc_bang_1" time="0.009" /><testcase classname="test.test_ml_audit" name="test_feature_hang_so_bi_loai" time="0.008" /><testcase classname="test.test_ml_audit" name="test_dataset_pilot_doc_duoc_va_giu_nguyen_null[logs/ml_normal_v2.jsonl]" time="0.012" /><testcase classname="test.test_ml_audit" name="test_dataset_pilot_doc_duoc_va_giu_nguyen_null[logs/ml_flood_v2.jsonl]" time="0.013" /><testcase classname="test.test_ml_audit" name="test_dataset_pilot_doc_duoc_va_giu_nguyen_null[logs/ml_injection_v2.jsonl]" time="0.008" /><testcase classname="test.test_ml_audit" name="test_unknown_state_is_not_encoded_as_down[unknown]" time="0.000" /><testcase classname="test.test_ml_audit" name="test_unknown_state_is_not_encoded_as_down[None]" time="0.000" /><testcase classname="test.test_ml_audit" name="test_ditto_properties_wrapper_and_invalid_cached_loss" time="0.000" /><testcase classname="test.test_ml_audit" name="test_unmeasured_group_cannot_be_kept_with_nan_auc" time="0.005" /><testcase classname="test.test_ml_audit" name="test_missing_or_ambiguous_label_fails_instead_of_becoming_fault[None]" time="0.001" /><testcase classname="test.test_ml_audit" name="test_missing_or_ambiguous_label_fails_instead_of_becoming_fault[normal]" time="0.001" /><testcase classname="test.test_ml_audit" name="test_missing_or_ambiguous_label_fails_instead_of_becoming_fault[2]" time="0.001" /><testcase classname="test.test_ml_audit" name="test_cumulative_and_config_cannot_satisfy_gate" time="0.007" /><testcase classname="test.test_ml_missing" name="test_fillna_0_bi_bat_qua_tang" time="0.005" /><testcase classname="test.test_ml_missing" name="test_bat_bien_van_dung_sau_khi_ap_chinh_sach" time="0.006" /><testcase classname="test.test_ml_missing" name="test_chinh_sach_bo_warmup_nhung_KHONG_bo_dong_giua_run" time="0.005" /><testcase classname="test.test_ml_missing" name="test_chinh_sach_bo_warmup_theo_TUNG_run_khong_bo_toan_bang" time="0.006" /><testcase classname="test.test_ml_missing" name="test_wilson_ci_khong_cho_bien_duoi_am" time="0.000" /><testcase classname="test.test_ml_missing" name="test_mnar_evidence_bat_duoc_MNAR_khi_thieu_TANG_luc_fault" time="0.009" /><testcase classname="test.test_ml_missing" name="test_mnar_evidence_khu_duoc_nhieu_gay_lan_do_dai_run" time="0.007" /><testcase classname="test.test_ml_missing" name="test_kiem_toan_bat_duoc_rate_bia_0_giua_run" time="0.002" /><testcase classname="test.test_ml_missing" name="test_rate_validity_phan_biet_0_that_voi_0_bia" time="0.000" /><testcase classname="test.test_ml_missing" name="test_dataset_v2_cu_khong_co_rateValid_va_mask_khong_no" time="0.034" /><testcase classname="test.test_ml_missing" name="test_pilot_that_chi_thieu_do_warmup_o_tick_0" time="0.062" /><testcase classname="test.test_ml_missing" name="test_pilot_that_bia_so_0_chi_o_tick_0_khong_o_giua_run" time="0.043" /><testcase classname="test.test_ml_missing" name="test_missing_without_reason_cannot_pass_mechanism_gate" time="0.006" /><testcase classname="test.test_ml_missing" name="test_warmup_reason_in_tick_one_requires_investigation" time="0.006" /><testcase classname="test.test_ml_missing" name="test_absent_train_feature_makes_all_rows_ineligible" time="0.006" /><testcase classname="test.test_ml_missing" name="test_warmup_drop_uses_tick_order_even_if_rows_are_shuffled" time="0.005" /><testcase classname="test.test_ml_missing" name="test_rate_mask_preserves_real_zero_and_masks_unknown_validity" time="0.001" /><testcase classname="test.test_ml_missing" name="test_rate_audit_does_not_compare_distinct_runs_of_same_profile" time="0.002" /><testcase classname="test.test_ml_missing" name="test_thing_timestamp_preserved_as_metadata" time="0.000" /><testcase classname="test.test_ml_missing" name="test_fisher_known_table" time="0.000" /><testcase classname="test.test_ml_missing" name="test_wilson_rejects_invalid_counts[-1-10]" time="0.000" /><testcase classname="test.test_ml_missing" name="test_wilson_rejects_invalid_counts[11-10]" time="0.000" /><testcase classname="test.test_ml_missing" name="test_wilson_rejects_invalid_counts[0--1]" time="0.000" /><testcase classname="test.test_ml_missing" name="test_host_collector_emits_validity_for_each_read[2-counts0-ok]" time="0.000" /><testcase classname="test.test_ml_missing" name="test_host_collector_emits_validity_for_each_read[1-counts1-nonpositive_dt]" time="0.000" /><testcase classname="test.test_ml_missing" name="test_host_collector_emits_validity_for_each_read[2-counts2-counter_reset]" time="0.000" /><testcase classname="test.test_ml_missing" name="test_host_collector_emits_validity_for_each_read[2-None-interface_unavailable]" time="0.000" /><testcase classname="test.test_ml_missing" name="test_link_interface_failure_clears_loss_and_marks_rate_invalid" time="0.000" /><testcase classname="test.test_ml_missing" name="test_link_rate_flags_follow_warmup_zero_and_reset" time="0.000" /><testcase classname="test.test_phase2_5" name="test_phase2_5_script_checks_passed" time="0.000" /><testcase classname="test.test_phase2_5" name="test_verify_reads_more_than_one_ditto_page" time="0.000" /><testcase classname="test.test_phase2_5" name="test_verify_rejects_repeated_ditto_cursor" time="0.000" /><testcase classname="test.test_qdisc_and_traffic" name="test_invalid_qdisc_clears_stale_loss_in_merge_patch" time="0.000" /><testcase classname="test.test_qdisc_and_traffic" name="test_parent_drops_are_not_counted_twice" time="0.000" /><testcase classname="test.test_qdisc_and_traffic" name="test_bidirectional_loss_uses_queue_packets_and_invalidates_resets" time="0.000" /><testcase classname="test.test_qdisc_and_traffic" name="test_profiles_cover_all_clients_and_both_servers[normal-2M-False]" time="0.001" /><testcase classname="test.test_qdisc_and_traffic" name="test_profiles_cover_all_clients_and_both_servers[flood-50M-True]" time="0.000" /><testcase classname="test.test_qdisc_and_traffic" name="test_injection_does_not_use_interactive_host_shell" time="0.000" /><testcase classname="test.test_static_routing" name="test_static_routes_match_phase_45_intent" time="0.000" /><testcase classname="test.test_static_routing" name="test_static_routes_have_no_forwarding_loop" time="0.000" /><testcase classname="test.test_topology_meta" name="test_current_topology_bridges_and_toggleable_links" time="0.000" /><testcase classname="test.test_topology_meta" name="test_baseline_bw_current_topology" time="0.000" /><testcase classname="test.test_topology_meta" name="test_added_s1_srv1_link_removes_srv1_bridge" time="0.000" /><testcase classname="test.test_topology_meta" name="test_canonical_is_stable" time="0.000" /></testsuite></testsuites>