<?xml version="1.0" encoding="utf-8"?><testsuites name="pytest tests"><testsuite name="pytest" errors="0" failures="0" skipped="0" tests="9" time="48.012" timestamp="2026-09-16T10:51:43.400145+00:00" hostname="dt4n-research-01"><testcase classname="test.test_phase6_hybrid_diag" name="test_combine_flags_implements_registered_or_unknown_rule" time="0.000" /><testcase classname="test.test_phase6_hybrid_diag" name="test_combine_flags_rejects_alarm_on_unknown_member" time="0.000" /><testcase classname="test.test_phase6_hybrid_diag" name="test_combine_flags_rejects_bad_shapes" time="0.000" /><testcase classname="test.test_phase6_hybrid_diag" name="test_live_hybrid_artifact_hash_and_drift" time="47.077" /><testcase classname="test.test_phase6_hybrid_diag" name="test_all_five_seeds_reproduce_signed_tp_fp_exactly" time="0.001" /><testcase classname="test.test_phase6_hybrid_diag" name="test_iforest_adds_no_tp_and_adds_four_or_five_fp_each_seed" time="0.001" /><testcase classname="test.test_phase6_hybrid_diag" name="test_or_recall_equals_excess_recall_for_every_seed" time="0.001" /><testcase classname="test.test_phase6_hybrid_diag" name="test_hybrid_follows_frozen_ledger_3" time="0.001" /><testcase classname="test.test_phase6_hybrid_diag" name="test_script_refuses_overwrite" time="0.000" /></testsuite></testsuites>