<?xml version="1.0" encoding="utf-8"?><testsuites name="pytest tests"><testsuite name="pytest" errors="0" failures="0" skipped="0" tests="7" time="2.417" timestamp="2026-09-17T00:56:06.407913+00:00" hostname="dt4n-research-01"><testcase classname="test.test_phase6_noise_auc" name="test_auc_lower_is_anomalous_has_correct_direction_and_ties" time="0.001" /><testcase classname="test.test_phase6_noise_auc" name="test_auc_lower_matches_sklearn_on_negated_scores" time="0.002" /><testcase classname="test.test_phase6_noise_auc" name="test_auc_rejects_bad_input_and_undefined_class" time="0.001" /><testcase classname="test.test_phase6_noise_auc" name="test_live_noise_auc_artifact_hash_and_drift" time="1.460" /><testcase classname="test.test_phase6_noise_auc" name="test_mean_noise_auc_passes_sanity_range_and_reproduces_signed_arm" time="0.000" /><testcase classname="test.test_phase6_noise_auc" name="test_real_auc_matches_existing_phase6_diagnostic" time="0.000" /><testcase classname="test.test_phase6_noise_auc" name="test_script_refuses_overwrite" time="0.000" /></testsuite></testsuites>