<?xml version="1.0" encoding="utf-8"?><testsuites name="pytest tests"><testsuite name="pytest" errors="0" failures="0" skipped="4" tests="27" time="12.125" timestamp="2026-09-15T08:47:51.618745+00:00" hostname="dt4n-research-01"><testcase classname="test.test_aoi_norm" name="test_aoi_constants_match_frozen_env_contract" time="0.000" /><testcase classname="test.test_aoi_norm" name="test_dynamic_thing_ids_include_hosts_and_links_only" time="0.000" /><testcase classname="test.test_command_security" name="test_1_unknown_command" time="0.000"><skipped type="pytest.skip" message="requires live Ditto + Mininet + Command Agent; set DT4N_LIVE_COMMAND_TESTS=1">/home/ubuntu/dt4n-core/test/test_command_security.py:83: requires live Ditto + Mininet + Command Agent; set DT4N_LIVE_COMMAND_TESTS=1</skipped></testcase><testcase classname="test.test_command_security" name="test_2_payload_injection" time="0.000"><skipped type="pytest.skip" message="requires live Ditto + Mininet + Command Agent; set DT4N_LIVE_COMMAND_TESTS=1">/home/ubuntu/dt4n-core/test/test_command_security.py:93: requires live Ditto + Mininet + Command Agent; set DT4N_LIVE_COMMAND_TESTS=1</skipped></testcase><testcase classname="test.test_command_security" name="test_3_target_not_found" time="0.000"><skipped type="pytest.skip" message="requires live Ditto + Mininet + Command Agent; set DT4N_LIVE_COMMAND_TESTS=1">/home/ubuntu/dt4n-core/test/test_command_security.py:104: requires live Ditto + Mininet + Command Agent; set DT4N_LIVE_COMMAND_TESTS=1</skipped></testcase><testcase classname="test.test_command_security" name="test_4_idempotent" time="0.000"><skipped type="pytest.skip" message="requires live Ditto + Mininet + Command Agent; set DT4N_LIVE_COMMAND_TESTS=1">/home/ubuntu/dt4n-core/test/test_command_security.py:114: requires live Ditto + Mininet + Command Agent; set DT4N_LIVE_COMMAND_TESTS=1</skipped></testcase><testcase classname="test.test_ditto_reader" name="test_extract_t_source" time="0.000" /><testcase classname="test.test_ditto_reader" name="test_compute_aoi_is_pure" time="0.000" /><testcase classname="test.test_ditto_reader" name="test_compute_aoi_uses_per_thing_read_times" time="0.000" /><testcase classname="test.test_ditto_reader" name="test_missing_tsource_is_omitted_not_zeroed" time="0.000" /><testcase classname="test.test_ditto_reader" name="test_negative_aoi_is_returned_not_clipped" time="0.000" /><testcase classname="test.test_ditto_reader" name="test_no_nan_ever" time="0.000" /><testcase classname="test.test_ditto_reader" name="test_aoi_summary" time="0.000" /><testcase classname="test.test_ditto_reader" name="test_cache_forward_fill" time="0.000" /><testcase classname="test.test_ditto_reader" name="test_cache_marks_partial_failure_not_fresh" time="0.000" /><testcase classname="test.test_ditto_reader" name="test_cache_aborts_after_three_fails" time="0.000" /><testcase classname="test.test_ditto_reader" name="test_expected_thing_ids_current_topology" time="0.000" /><testcase classname="test.test_logic" name="test_collector_logic_script_checks_passed" time="0.000" /><testcase classname="test.test_phase2_5" name="test_phase2_5_script_checks_passed" time="0.000" /><testcase classname="test.test_phase2_5" name="test_verify_reads_more_than_one_ditto_page" time="0.001" /><testcase classname="test.test_phase2_5" name="test_verify_rejects_repeated_ditto_cursor" time="0.000" /><testcase classname="test.test_static_routing" name="test_static_routes_match_phase_45_intent" time="0.000" /><testcase classname="test.test_static_routing" name="test_static_routes_have_no_forwarding_loop" time="0.000" /><testcase classname="test.test_topology_meta" name="test_current_topology_bridges_and_toggleable_links" time="0.000" /><testcase classname="test.test_topology_meta" name="test_baseline_bw_current_topology" time="0.000" /><testcase classname="test.test_topology_meta" name="test_added_s1_srv1_link_removes_srv1_bridge" time="0.000" /><testcase classname="test.test_topology_meta" name="test_canonical_is_stable" time="0.000" /></testsuite></testsuites>